This is pdfTeX, Version 3.1415926-2.5-1.40.14 (TeX Live 2013/Debian) (format=pdflatex 2017.3.15)  16 MAR 2017 08:51
entering extended mode
 restricted \write18 enabled.
 %&-line parsing enabled.
**rv-paper
(./rv-paper.tex
LaTeX2e <2011/06/27>
Babel <3.9h> and hyphenation patterns for 2 languages loaded.
(./ieeeconf.cls
Document Class: ieeeconf 2016/4/23 revision V1.6b by Pradeep Misra
\@IEEEtrantmpdimenA=\dimen102
\@IEEEtrantmpdimenB=\dimen103
\@IEEEtrantmpcountA=\count79
\@IEEEtrantmpcountB=\count80
\@IEEEtrantmptoksA=\toks14
LaTeX Font Info:    Try loading font information for OT1+ptm on input line 794.

(/usr/share/texlive/texmf-dist/tex/latex/psnfss/ot1ptm.fd
File: ot1ptm.fd 2001/06/04 font definitions for OT1/ptm.
)
! Font OT1/ptm/m/n/10=ptmr7t at 10.0pt not loadable: Metric (TFM) file not foun
d.
<to be read again> 
                   relax 
l.794 \normalfont
                 \selectfont
? 
! Interruption.
extract@font ...ont font@name external@font relax 
                                                  font@name relax csname f@e...
l.794 \normalfont
                 \selectfont
? ^^[q
Type <return> to proceed, S to scroll future error messages,
R to run without stopping, Q to run quietly,
I to insert something, E to edit your file,
H for help, X to quit.
? r
OK, entering nonstopmode...
\@IEEEnormalsizefontbaselineskip=\skip41
-- This is a 10 point document.
\normalsizebaselineskip=\skip42
\normaljot=\skip43
! Font OT1/ptm/m/n/5=ptmr7t at 5.0pt not loadable: Metric (TFM) file not found.
<to be read again> 
                   relax 
l.1113 \@IEEEtunefonts
                      
I wasn't able to read the size data for this font,
so I will ignore the font specification.
[Wizards can fix TFM files using TFtoPL/PLtoTF.]
You might try inserting a different font spec;
e.g., type `I\font<same font id>=<substitute font name>'.

LaTeX Font Info:    Font shape `OT1/ptm/bx/n' in size <5> not available
(Font)              Font shape `OT1/ptm/b/n' tried instead on input line 1113.
! Font OT1/ptm/bx/n/5=ptmb7t at 5.0pt not loadable: Metric (TFM) file not found
.
<to be read again> 
                   relax 
l.1113 \@IEEEtunefonts
                      
I wasn't able to read the size data for this font,
so I will ignore the font specification.
[Wizards can fix TFM files using TFtoPL/PLtoTF.]
You might try inserting a different font spec;
e.g., type `I\font<same font id>=<substitute font name>'.

! Font \OT1/ptm/b/n/5=nullfont not loadable: Metric (TFM) file not found.
<to be read again> 
                   \relax 
l.1113 \@IEEEtunefonts
                      
I wasn't able to read the size data for this font,
so I will ignore the font specification.
[Wizards can fix TFM files using TFtoPL/PLtoTF.]
You might try inserting a different font spec;
e.g., type `I\font<same font id>=<substitute font name>'.

! Font OT1/ptm/m/it/5=ptmri7t at 5.0pt not loadable: Metric (TFM) file not foun
d.
<to be read again> 
                   relax 
l.1113 \@IEEEtunefonts
                      
I wasn't able to read the size data for this font,
so I will ignore the font specification.
[Wizards can fix TFM files using TFtoPL/PLtoTF.]
You might try inserting a different font spec;
e.g., type `I\font<same font id>=<substitute font name>'.

LaTeX Font Info:    Font shape `OT1/ptm/bx/it' in size <5> not available
(Font)              Font shape `OT1/ptm/b/it' tried instead on input line 1113.

! Font OT1/ptm/bx/it/5=ptmbi7t at 5.0pt not loadable: Metric (TFM) file not fou
nd.
<to be read again> 
                   relax 
l.1113 \@IEEEtunefonts
                      
I wasn't able to read the size data for this font,
so I will ignore the font specification.
[Wizards can fix TFM files using TFtoPL/PLtoTF.]
You might try inserting a different font spec;
e.g., type `I\font<same font id>=<substitute font name>'.

! Font \OT1/ptm/b/it/5=nullfont not loadable: Metric (TFM) file not found.
<to be read again> 
                   \relax 
l.1113 \@IEEEtunefonts
                      
I wasn't able to read the size data for this font,
so I will ignore the font specification.
[Wizards can fix TFM files using TFtoPL/PLtoTF.]
You might try inserting a different font spec;
e.g., type `I\font<same font id>=<substitute font name>'.

! Font OT1/ptm/m/n/7=ptmr7t at 7.0pt not loadable: Metric (TFM) file not found.
<to be read again> 
                   relax 
l.1113 \@IEEEtunefonts
                      
I wasn't able to read the size data for this font,
so I will ignore the font specification.
[Wizards can fix TFM files using TFtoPL/PLtoTF.]
You might try inserting a different font spec;
e.g., type `I\font<same font id>=<substitute font name>'.

LaTeX Font Info:    Font shape `OT1/ptm/bx/n' in size <7> not available
(Font)              Font shape `OT1/ptm/b/n' tried instead on input line 1113.
! Font OT1/ptm/bx/n/7=ptmb7t at 7.0pt not loadable: Metric (TFM) file not found
.
<to be read again> 
                   relax 
l.1113 \@IEEEtunefonts
                      
I wasn't able to read the size data for this font,
so I will ignore the font specification.
[Wizards can fix TFM files using TFtoPL/PLtoTF.]
You might try inserting a different font spec;
e.g., type `I\font<same font id>=<substitute font name>'.

! Font \OT1/ptm/b/n/7=nullfont not loadable: Metric (TFM) file not found.
<to be read again> 
                   \relax 
l.1113 \@IEEEtunefonts
                      
I wasn't able to read the size data for this font,
so I will ignore the font specification.
[Wizards can fix TFM files using TFtoPL/PLtoTF.]
You might try inserting a different font spec;
e.g., type `I\font<same font id>=<substitute font name>'.

! Font OT1/ptm/m/it/7=ptmri7t at 7.0pt not loadable: Metric (TFM) file not foun
d.
<to be read again> 
                   relax 
l.1113 \@IEEEtunefonts
                      
I wasn't able to read the size data for this font,
so I will ignore the font specification.
[Wizards can fix TFM files using TFtoPL/PLtoTF.]
You might try inserting a different font spec;
e.g., type `I\font<same font id>=<substitute font name>'.

LaTeX Font Info:    Font shape `OT1/ptm/bx/it' in size <7> not available
(Font)              Font shape `OT1/ptm/b/it' tried instead on input line 1113.

! Font OT1/ptm/bx/it/7=ptmbi7t at 7.0pt not loadable: Metric (TFM) file not fou
nd.
<to be read again> 
                   relax 
l.1113 \@IEEEtunefonts
                      
I wasn't able to read the size data for this font,
so I will ignore the font specification.
[Wizards can fix TFM files using TFtoPL/PLtoTF.]
You might try inserting a different font spec;
e.g., type `I\font<same font id>=<substitute font name>'.

! Font \OT1/ptm/b/it/7=nullfont not loadable: Metric (TFM) file not found.
<to be read again> 
                   \relax 
l.1113 \@IEEEtunefonts
                      
I wasn't able to read the size data for this font,
so I will ignore the font specification.
[Wizards can fix TFM files using TFtoPL/PLtoTF.]
You might try inserting a different font spec;
e.g., type `I\font<same font id>=<substitute font name>'.

! Font OT1/ptm/m/n/8=ptmr7t at 8.0pt not loadable: Metric (TFM) file not found.
<to be read again> 
                   relax 
l.1113 \@IEEEtunefonts
                      
I wasn't able to read the size data for this font,
so I will ignore the font specification.
[Wizards can fix TFM files using TFtoPL/PLtoTF.]
You might try inserting a different font spec;
e.g., type `I\font<same font id>=<substitute font name>'.

LaTeX Font Info:    Font shape `OT1/ptm/bx/n' in size <8> not available
(Font)              Font shape `OT1/ptm/b/n' tried instead on input line 1113.
! Font OT1/ptm/bx/n/8=ptmb7t at 8.0pt not loadable: Metric (TFM) file not found
.
<to be read again> 
                   relax 
l.1113 \@IEEEtunefonts
                      
I wasn't able to read the size data for this font,
so I will ignore the font specification.
[Wizards can fix TFM files using TFtoPL/PLtoTF.]
You might try inserting a different font spec;
e.g., type `I\font<same font id>=<substitute font name>'.

! Font \OT1/ptm/b/n/8=nullfont not loadable: Metric (TFM) file not found.
<to be read again> 
                   \relax 
l.1113 \@IEEEtunefonts
                      
I wasn't able to read the size data for this font,
so I will ignore the font specification.
[Wizards can fix TFM files using TFtoPL/PLtoTF.]
You might try inserting a different font spec;
e.g., type `I\font<same font id>=<substitute font name>'.

! Interruption.
\pickup@font ...\font@name \relax \define@newfont 
                                                  \fi 
l.1113 \@IEEEtunefonts
                      
? q
OK, entering \batchmode...
! Font OT1/ptm/m/it/8=ptmri7t at 8.0pt not loadable: Metric (TFM) file not foun
d.
<to be read again> 
                   relax 
l.1113 \@IEEEtunefonts
                      
I wasn't able to read the size data for this font,
so I will ignore the font specification.
[Wizards can fix TFM files using TFtoPL/PLtoTF.]
You might try inserting a different font spec;
e.g., type `I\font<same font id>=<substitute font name>'.

LaTeX Font Info:    Font shape `OT1/ptm/bx/it' in size <8> not available
(Font)              Font shape `OT1/ptm/b/it' tried instead on input line 1113.

! Font OT1/ptm/bx/it/8=ptmbi7t at 8.0pt not loadable: Metric (TFM) file not fou
nd.
<to be read again> 
                   relax 
l.1113 \@IEEEtunefonts
                      
I wasn't able to read the size data for this font,
so I will ignore the font specification.
[Wizards can fix TFM files using TFtoPL/PLtoTF.]
You might try inserting a different font spec;
e.g., type `I\font<same font id>=<substitute font name>'.

! Font \OT1/ptm/b/it/8=nullfont not loadable: Metric (TFM) file not found.
<to be read again> 
                   \relax 
l.1113 \@IEEEtunefonts
                      
I wasn't able to read the size data for this font,
so I will ignore the font specification.
[Wizards can fix TFM files using TFtoPL/PLtoTF.]
You might try inserting a different font spec;
e.g., type `I\font<same font id>=<substitute font name>'.

! Font OT1/ptm/m/n/9=ptmr7t at 9.0pt not loadable: Metric (TFM) file not found.
<to be read again> 
                   relax 
l.1113 \@IEEEtunefonts
                      
I wasn't able to read the size data for this font,
so I will ignore the font specification.
[Wizards can fix TFM files using TFtoPL/PLtoTF.]
You might try inserting a different font spec;
e.g., type `I\font<same font id>=<substitute font name>'.

LaTeX Font Info:    Font shape `OT1/ptm/bx/n' in size <9> not available
(Font)              Font shape `OT1/ptm/b/n' tried instead on input line 1113.
! Font OT1/ptm/bx/n/9=ptmb7t at 9.0pt not loadable: Metric (TFM) file not found
.
<to be read again> 
                   relax 
l.1113 \@IEEEtunefonts
                      
I wasn't able to read the size data for this font,
so I will ignore the font specification.
[Wizards can fix TFM files using TFtoPL/PLtoTF.]
You might try inserting a different font spec;
e.g., type `I\font<same font id>=<substitute font name>'.

! Font \OT1/ptm/b/n/9=nullfont not loadable: Metric (TFM) file not found.
<to be read again> 
                   \relax 
l.1113 \@IEEEtunefonts
                      
I wasn't able to read the size data for this font,
so I will ignore the font specification.
[Wizards can fix TFM files using TFtoPL/PLtoTF.]
You might try inserting a different font spec;
e.g., type `I\font<same font id>=<substitute font name>'.


! Interruption.
\pickup@font ...\font@name \relax \define@newfont 
                                                  \fi 
l.1113 \@IEEEtunefonts
                      
? x
 
Here is how much of TeX's memory you used:
 159 strings out of 495028
 2386 string characters out of 6181497
 46087 words of memory out of 5000000
 3457 multiletter control sequences out of 15000+600000
 3640 words of font info for 14 fonts, out of 8000000 for 9000
 14 hyphenation exceptions out of 8191
 26i,0n,19p,129b,95s stack positions out of 5000i,500n,10000p,200000b,80000s
No pages of output.
PDF statistics:
 0 PDF objects out of 1000 (max. 8388607)
 0 named destinations out of 1000 (max. 500000)
 1 words of extra memory for PDF output out of 10000 (max. 10000000)

